Determining if the Q_WS_WIN exist failed with the following output:
Change Dir: /home/fernandoms/robocomp/choca/CMakeFiles/CMakeTmp

Run Build Command:"/usr/bin/make" "cmTC_3ece3/fast"
/usr/bin/make -f CMakeFiles/cmTC_3ece3.dir/build.make CMakeFiles/cmTC_3ece3.dir/build
make[1]: se entra en el directorio '/home/fernandoms/robocomp/choca/CMakeFiles/CMakeTmp'
Building CXX object CMakeFiles/cmTC_3ece3.dir/CheckSymbolExists.cxx.o
/usr/bin/c++   -I/usr/include/qt4   -o CMakeFiles/cmTC_3ece3.dir/CheckSymbolExists.cxx.o -c /home/fernandoms/robocomp/choca/CMakeFiles/CMakeTmp/CheckSymbolExists.cxx
/home/fernandoms/robocomp/choca/CMakeFiles/CMakeTmp/CheckSymbolExists.cxx: In function ‘int main(int, char**)’:
/home/fernandoms/robocomp/choca/CMakeFiles/CMakeTmp/CheckSymbolExists.cxx:8:19: error: ‘Q_WS_WIN’ was not declared in this scope
   return ((int*)(&Q_WS_WIN))[argc];
                   ^~~~~~~~
/home/fernandoms/robocomp/choca/CMakeFiles/CMakeTmp/CheckSymbolExists.cxx:8:19: note: suggested alternative: ‘Q_WS_X11’
   return ((int*)(&Q_WS_WIN))[argc];
                   ^~~~~~~~
                   Q_WS_X11
CMakeFiles/cmTC_3ece3.dir/build.make:65: recipe for target 'CMakeFiles/cmTC_3ece3.dir/CheckSymbolExists.cxx.o' failed
make[1]: *** [CMakeFiles/cmTC_3ece3.dir/CheckSymbolExists.cxx.o] Error 1
make[1]: se sale del directorio '/home/fernandoms/robocomp/choca/CMakeFiles/CMakeTmp'
Makefile:126: recipe for target 'cmTC_3ece3/fast' failed
make: *** [cmTC_3ece3/fast] Error 2

File /home/fernandoms/robocomp/choca/CMakeFiles/CMakeTmp/CheckSymbolExists.cxx:
/* */
#include <QtCore/qglobal.h>

int main(int argc, char** argv)
{
  (void)argv;
#ifndef Q_WS_WIN
  return ((int*)(&Q_WS_WIN))[argc];
#else
  (void)argc;
  return 0;
#endif
}

Determining if the Q_WS_QWS exist failed with the following output:
Change Dir: /home/fernandoms/robocomp/choca/CMakeFiles/CMakeTmp

Run Build Command:"/usr/bin/make" "cmTC_0c9d3/fast"
/usr/bin/make -f CMakeFiles/cmTC_0c9d3.dir/build.make CMakeFiles/cmTC_0c9d3.dir/build
make[1]: se entra en el directorio '/home/fernandoms/robocomp/choca/CMakeFiles/CMakeTmp'
Building CXX object CMakeFiles/cmTC_0c9d3.dir/CheckSymbolExists.cxx.o
/usr/bin/c++   -I/usr/include/qt4   -o CMakeFiles/cmTC_0c9d3.dir/CheckSymbolExists.cxx.o -c /home/fernandoms/robocomp/choca/CMakeFiles/CMakeTmp/CheckSymbolExists.cxx
/home/fernandoms/robocomp/choca/CMakeFiles/CMakeTmp/CheckSymbolExists.cxx: In function ‘int main(int, char**)’:
/home/fernandoms/robocomp/choca/CMakeFiles/CMakeTmp/CheckSymbolExists.cxx:8:19: error: ‘Q_WS_QWS’ was not declared in this scope
   return ((int*)(&Q_WS_QWS))[argc];
                   ^~~~~~~~
/home/fernandoms/robocomp/choca/CMakeFiles/CMakeTmp/CheckSymbolExists.cxx:8:19: note: suggested alternative: ‘Q_WS_X11’
   return ((int*)(&Q_WS_QWS))[argc];
                   ^~~~~~~~
                   Q_WS_X11
CMakeFiles/cmTC_0c9d3.dir/build.make:65: recipe for target 'CMakeFiles/cmTC_0c9d3.dir/CheckSymbolExists.cxx.o' failed
make[1]: *** [CMakeFiles/cmTC_0c9d3.dir/CheckSymbolExists.cxx.o] Error 1
make[1]: se sale del directorio '/home/fernandoms/robocomp/choca/CMakeFiles/CMakeTmp'
Makefile:126: recipe for target 'cmTC_0c9d3/fast' failed
make: *** [cmTC_0c9d3/fast] Error 2

File /home/fernandoms/robocomp/choca/CMakeFiles/CMakeTmp/CheckSymbolExists.cxx:
/* */
#include <QtCore/qglobal.h>

int main(int argc, char** argv)
{
  (void)argv;
#ifndef Q_WS_QWS
  return ((int*)(&Q_WS_QWS))[argc];
#else
  (void)argc;
  return 0;
#endif
}

Determining if the Q_WS_MAC exist failed with the following output:
Change Dir: /home/fernandoms/robocomp/choca/CMakeFiles/CMakeTmp

Run Build Command:"/usr/bin/make" "cmTC_f1a0b/fast"
/usr/bin/make -f CMakeFiles/cmTC_f1a0b.dir/build.make CMakeFiles/cmTC_f1a0b.dir/build
make[1]: se entra en el directorio '/home/fernandoms/robocomp/choca/CMakeFiles/CMakeTmp'
Building CXX object CMakeFiles/cmTC_f1a0b.dir/CheckSymbolExists.cxx.o
/usr/bin/c++   -I/usr/include/qt4   -o CMakeFiles/cmTC_f1a0b.dir/CheckSymbolExists.cxx.o -c /home/fernandoms/robocomp/choca/CMakeFiles/CMakeTmp/CheckSymbolExists.cxx
/home/fernandoms/robocomp/choca/CMakeFiles/CMakeTmp/CheckSymbolExists.cxx: In function ‘int main(int, char**)’:
/home/fernandoms/robocomp/choca/CMakeFiles/CMakeTmp/CheckSymbolExists.cxx:8:19: error: ‘Q_WS_MAC’ was not declared in this scope
   return ((int*)(&Q_WS_MAC))[argc];
                   ^~~~~~~~
/home/fernandoms/robocomp/choca/CMakeFiles/CMakeTmp/CheckSymbolExists.cxx:8:19: note: suggested alternative: ‘Q_WS_X11’
   return ((int*)(&Q_WS_MAC))[argc];
                   ^~~~~~~~
                   Q_WS_X11
CMakeFiles/cmTC_f1a0b.dir/build.make:65: recipe for target 'CMakeFiles/cmTC_f1a0b.dir/CheckSymbolExists.cxx.o' failed
make[1]: *** [CMakeFiles/cmTC_f1a0b.dir/CheckSymbolExists.cxx.o] Error 1
make[1]: se sale del directorio '/home/fernandoms/robocomp/choca/CMakeFiles/CMakeTmp'
Makefile:126: recipe for target 'cmTC_f1a0b/fast' failed
make: *** [cmTC_f1a0b/fast] Error 2

File /home/fernandoms/robocomp/choca/CMakeFiles/CMakeTmp/CheckSymbolExists.cxx:
/* */
#include <QtCore/qglobal.h>

int main(int argc, char** argv)
{
  (void)argv;
#ifndef Q_WS_MAC
  return ((int*)(&Q_WS_MAC))[argc];
#else
  (void)argc;
  return 0;
#endif
}

Determining if the pthread_create exist failed with the following output:
Change Dir: /home/fernandoms/robocomp/choca/CMakeFiles/CMakeTmp

Run Build Command:"/usr/bin/make" "cmTC_c20a7/fast"
/usr/bin/make -f CMakeFiles/cmTC_c20a7.dir/build.make CMakeFiles/cmTC_c20a7.dir/build
make[1]: se entra en el directorio '/home/fernandoms/robocomp/choca/CMakeFiles/CMakeTmp'
Building C object CMakeFiles/cmTC_c20a7.dir/CheckSymbolExists.c.o
/usr/bin/cc    -o CMakeFiles/cmTC_c20a7.dir/CheckSymbolExists.c.o   -c /home/fernandoms/robocomp/choca/CMakeFiles/CMakeTmp/CheckSymbolExists.c
Linking C executable cmTC_c20a7
/usr/bin/cmake -E cmake_link_script CMakeFiles/cmTC_c20a7.dir/link.txt --verbose=1
/usr/bin/cc      -rdynamic CMakeFiles/cmTC_c20a7.dir/CheckSymbolExists.c.o  -o cmTC_c20a7 
CMakeFiles/cmTC_c20a7.dir/CheckSymbolExists.c.o: En la función `main':
CheckSymbolExists.c:(.text+0x1b): referencia a `pthread_create' sin definir
collect2: error: ld returned 1 exit status
CMakeFiles/cmTC_c20a7.dir/build.make:97: recipe for target 'cmTC_c20a7' failed
make[1]: *** [cmTC_c20a7] Error 1
make[1]: se sale del directorio '/home/fernandoms/robocomp/choca/CMakeFiles/CMakeTmp'
Makefile:126: recipe for target 'cmTC_c20a7/fast' failed
make: *** [cmTC_c20a7/fast] Error 2

File /home/fernandoms/robocomp/choca/CMakeFiles/CMakeTmp/CheckSymbolExists.c:
/* */
#include <pthread.h>

int main(int argc, char** argv)
{
  (void)argv;
#ifndef pthread_create
  return ((int*)(&pthread_create))[argc];
#else
  (void)argc;
  return 0;
#endif
}

Determining if the function pthread_create exists in the pthreads failed with the following output:
Change Dir: /home/fernandoms/robocomp/choca/CMakeFiles/CMakeTmp

Run Build Command:"/usr/bin/make" "cmTC_ab92e/fast"
/usr/bin/make -f CMakeFiles/cmTC_ab92e.dir/build.make CMakeFiles/cmTC_ab92e.dir/build
make[1]: se entra en el directorio '/home/fernandoms/robocomp/choca/CMakeFiles/CMakeTmp'
Building C object CMakeFiles/cmTC_ab92e.dir/CheckFunctionExists.c.o
/usr/bin/cc   -DCHECK_FUNCTION_EXISTS=pthread_create   -o CMakeFiles/cmTC_ab92e.dir/CheckFunctionExists.c.o   -c /usr/share/cmake-3.10/Modules/CheckFunctionExists.c
Linking C executable cmTC_ab92e
/usr/bin/cmake -E cmake_link_script CMakeFiles/cmTC_ab92e.dir/link.txt --verbose=1
/usr/bin/cc  -DCHECK_FUNCTION_EXISTS=pthread_create    -rdynamic CMakeFiles/cmTC_ab92e.dir/CheckFunctionExists.c.o  -o cmTC_ab92e -lpthreads 
/usr/bin/ld: no se puede encontrar -lpthreads
collect2: error: ld returned 1 exit status
CMakeFiles/cmTC_ab92e.dir/build.make:97: recipe for target 'cmTC_ab92e' failed
make[1]: *** [cmTC_ab92e] Error 1
make[1]: se sale del directorio '/home/fernandoms/robocomp/choca/CMakeFiles/CMakeTmp'
Makefile:126: recipe for target 'cmTC_ab92e/fast' failed
make: *** [cmTC_ab92e/fast] Error 2


