Determining if the Q_WS_WIN exist failed with the following output:
Change Dir: /home/fernandoms/RoboticaBuena/beta-robotica-class/chocachoca/CMakeFiles/CMakeTmp

Run Build Command:"/usr/bin/make" "cmTC_66a9a/fast"
/usr/bin/make -f CMakeFiles/cmTC_66a9a.dir/build.make CMakeFiles/cmTC_66a9a.dir/build
make[1]: se entra en el directorio '/home/fernandoms/RoboticaBuena/beta-robotica-class/chocachoca/CMakeFiles/CMakeTmp'
Building CXX object CMakeFiles/cmTC_66a9a.dir/CheckSymbolExists.cxx.o
/usr/bin/c++   -I/usr/include/qt4   -o CMakeFiles/cmTC_66a9a.dir/CheckSymbolExists.cxx.o -c /home/fernandoms/RoboticaBuena/beta-robotica-class/chocachoca/CMakeFiles/CMakeTmp/CheckSymbolExists.cxx
/home/fernandoms/RoboticaBuena/beta-robotica-class/chocachoca/CMakeFiles/CMakeTmp/CheckSymbolExists.cxx: In function ‘int main(int, char**)’:
/home/fernandoms/RoboticaBuena/beta-robotica-class/chocachoca/CMakeFiles/CMakeTmp/CheckSymbolExists.cxx:8:19: error: ‘Q_WS_WIN’ was not declared in this scope
   return ((int*)(&Q_WS_WIN))[argc];
                   ^~~~~~~~
/home/fernandoms/RoboticaBuena/beta-robotica-class/chocachoca/CMakeFiles/CMakeTmp/CheckSymbolExists.cxx:8:19: note: suggested alternative: ‘Q_WS_X11’
   return ((int*)(&Q_WS_WIN))[argc];
                   ^~~~~~~~
                   Q_WS_X11
CMakeFiles/cmTC_66a9a.dir/build.make:65: recipe for target 'CMakeFiles/cmTC_66a9a.dir/CheckSymbolExists.cxx.o' failed
make[1]: *** [CMakeFiles/cmTC_66a9a.dir/CheckSymbolExists.cxx.o] Error 1
make[1]: se sale del directorio '/home/fernandoms/RoboticaBuena/beta-robotica-class/chocachoca/CMakeFiles/CMakeTmp'
Makefile:126: recipe for target 'cmTC_66a9a/fast' failed
make: *** [cmTC_66a9a/fast] Error 2

File /home/fernandoms/RoboticaBuena/beta-robotica-class/chocachoca/CMakeFiles/CMakeTmp/CheckSymbolExists.cxx:
/* */
#include <QtCore/qglobal.h>

int main(int argc, char** argv)
{
  (void)argv;
#ifndef Q_WS_WIN
  return ((int*)(&Q_WS_WIN))[argc];
#else
  (void)argc;
  return 0;
#endif
}

Determining if the Q_WS_QWS exist failed with the following output:
Change Dir: /home/fernandoms/RoboticaBuena/beta-robotica-class/chocachoca/CMakeFiles/CMakeTmp

Run Build Command:"/usr/bin/make" "cmTC_70a5d/fast"
/usr/bin/make -f CMakeFiles/cmTC_70a5d.dir/build.make CMakeFiles/cmTC_70a5d.dir/build
make[1]: se entra en el directorio '/home/fernandoms/RoboticaBuena/beta-robotica-class/chocachoca/CMakeFiles/CMakeTmp'
Building CXX object CMakeFiles/cmTC_70a5d.dir/CheckSymbolExists.cxx.o
/usr/bin/c++   -I/usr/include/qt4   -o CMakeFiles/cmTC_70a5d.dir/CheckSymbolExists.cxx.o -c /home/fernandoms/RoboticaBuena/beta-robotica-class/chocachoca/CMakeFiles/CMakeTmp/CheckSymbolExists.cxx
/home/fernandoms/RoboticaBuena/beta-robotica-class/chocachoca/CMakeFiles/CMakeTmp/CheckSymbolExists.cxx: In function ‘int main(int, char**)’:
/home/fernandoms/RoboticaBuena/beta-robotica-class/chocachoca/CMakeFiles/CMakeTmp/CheckSymbolExists.cxx:8:19: error: ‘Q_WS_QWS’ was not declared in this scope
   return ((int*)(&Q_WS_QWS))[argc];
                   ^~~~~~~~
/home/fernandoms/RoboticaBuena/beta-robotica-class/chocachoca/CMakeFiles/CMakeTmp/CheckSymbolExists.cxx:8:19: note: suggested alternative: ‘Q_WS_X11’
   return ((int*)(&Q_WS_QWS))[argc];
                   ^~~~~~~~
                   Q_WS_X11
CMakeFiles/cmTC_70a5d.dir/build.make:65: recipe for target 'CMakeFiles/cmTC_70a5d.dir/CheckSymbolExists.cxx.o' failed
make[1]: *** [CMakeFiles/cmTC_70a5d.dir/CheckSymbolExists.cxx.o] Error 1
make[1]: se sale del directorio '/home/fernandoms/RoboticaBuena/beta-robotica-class/chocachoca/CMakeFiles/CMakeTmp'
Makefile:126: recipe for target 'cmTC_70a5d/fast' failed
make: *** [cmTC_70a5d/fast] Error 2

File /home/fernandoms/RoboticaBuena/beta-robotica-class/chocachoca/CMakeFiles/CMakeTmp/CheckSymbolExists.cxx:
/* */
#include <QtCore/qglobal.h>

int main(int argc, char** argv)
{
  (void)argv;
#ifndef Q_WS_QWS
  return ((int*)(&Q_WS_QWS))[argc];
#else
  (void)argc;
  return 0;
#endif
}

Determining if the Q_WS_MAC exist failed with the following output:
Change Dir: /home/fernandoms/RoboticaBuena/beta-robotica-class/chocachoca/CMakeFiles/CMakeTmp

Run Build Command:"/usr/bin/make" "cmTC_0db9e/fast"
/usr/bin/make -f CMakeFiles/cmTC_0db9e.dir/build.make CMakeFiles/cmTC_0db9e.dir/build
make[1]: se entra en el directorio '/home/fernandoms/RoboticaBuena/beta-robotica-class/chocachoca/CMakeFiles/CMakeTmp'
Building CXX object CMakeFiles/cmTC_0db9e.dir/CheckSymbolExists.cxx.o
/usr/bin/c++   -I/usr/include/qt4   -o CMakeFiles/cmTC_0db9e.dir/CheckSymbolExists.cxx.o -c /home/fernandoms/RoboticaBuena/beta-robotica-class/chocachoca/CMakeFiles/CMakeTmp/CheckSymbolExists.cxx
/home/fernandoms/RoboticaBuena/beta-robotica-class/chocachoca/CMakeFiles/CMakeTmp/CheckSymbolExists.cxx: In function ‘int main(int, char**)’:
/home/fernandoms/RoboticaBuena/beta-robotica-class/chocachoca/CMakeFiles/CMakeTmp/CheckSymbolExists.cxx:8:19: error: ‘Q_WS_MAC’ was not declared in this scope
   return ((int*)(&Q_WS_MAC))[argc];
                   ^~~~~~~~
/home/fernandoms/RoboticaBuena/beta-robotica-class/chocachoca/CMakeFiles/CMakeTmp/CheckSymbolExists.cxx:8:19: note: suggested alternative: ‘Q_WS_X11’
   return ((int*)(&Q_WS_MAC))[argc];
                   ^~~~~~~~
                   Q_WS_X11
CMakeFiles/cmTC_0db9e.dir/build.make:65: recipe for target 'CMakeFiles/cmTC_0db9e.dir/CheckSymbolExists.cxx.o' failed
make[1]: *** [CMakeFiles/cmTC_0db9e.dir/CheckSymbolExists.cxx.o] Error 1
make[1]: se sale del directorio '/home/fernandoms/RoboticaBuena/beta-robotica-class/chocachoca/CMakeFiles/CMakeTmp'
Makefile:126: recipe for target 'cmTC_0db9e/fast' failed
make: *** [cmTC_0db9e/fast] Error 2

File /home/fernandoms/RoboticaBuena/beta-robotica-class/chocachoca/CMakeFiles/CMakeTmp/CheckSymbolExists.cxx:
/* */
#include <QtCore/qglobal.h>

int main(int argc, char** argv)
{
  (void)argv;
#ifndef Q_WS_MAC
  return ((int*)(&Q_WS_MAC))[argc];
#else
  (void)argc;
  return 0;
#endif
}

Determining if the pthread_create exist failed with the following output:
Change Dir: /home/fernandoms/RoboticaBuena/beta-robotica-class/chocachoca/CMakeFiles/CMakeTmp

Run Build Command:"/usr/bin/make" "cmTC_5b4ef/fast"
/usr/bin/make -f CMakeFiles/cmTC_5b4ef.dir/build.make CMakeFiles/cmTC_5b4ef.dir/build
make[1]: se entra en el directorio '/home/fernandoms/RoboticaBuena/beta-robotica-class/chocachoca/CMakeFiles/CMakeTmp'
Building C object CMakeFiles/cmTC_5b4ef.dir/CheckSymbolExists.c.o
/usr/bin/cc    -o CMakeFiles/cmTC_5b4ef.dir/CheckSymbolExists.c.o   -c /home/fernandoms/RoboticaBuena/beta-robotica-class/chocachoca/CMakeFiles/CMakeTmp/CheckSymbolExists.c
Linking C executable cmTC_5b4ef
/usr/bin/cmake -E cmake_link_script CMakeFiles/cmTC_5b4ef.dir/link.txt --verbose=1
/usr/bin/cc      -rdynamic CMakeFiles/cmTC_5b4ef.dir/CheckSymbolExists.c.o  -o cmTC_5b4ef 
CMakeFiles/cmTC_5b4ef.dir/CheckSymbolExists.c.o: En la función `main':
CheckSymbolExists.c:(.text+0x1b): referencia a `pthread_create' sin definir
collect2: error: ld returned 1 exit status
CMakeFiles/cmTC_5b4ef.dir/build.make:97: recipe for target 'cmTC_5b4ef' failed
make[1]: *** [cmTC_5b4ef] Error 1
make[1]: se sale del directorio '/home/fernandoms/RoboticaBuena/beta-robotica-class/chocachoca/CMakeFiles/CMakeTmp'
Makefile:126: recipe for target 'cmTC_5b4ef/fast' failed
make: *** [cmTC_5b4ef/fast] Error 2

File /home/fernandoms/RoboticaBuena/beta-robotica-class/chocachoca/CMakeFiles/CMakeTmp/CheckSymbolExists.c:
/* */
#include <pthread.h>

int main(int argc, char** argv)
{
  (void)argv;
#ifndef pthread_create
  return ((int*)(&pthread_create))[argc];
#else
  (void)argc;
  return 0;
#endif
}

Determining if the function pthread_create exists in the pthreads failed with the following output:
Change Dir: /home/fernandoms/RoboticaBuena/beta-robotica-class/chocachoca/CMakeFiles/CMakeTmp

Run Build Command:"/usr/bin/make" "cmTC_908e7/fast"
/usr/bin/make -f CMakeFiles/cmTC_908e7.dir/build.make CMakeFiles/cmTC_908e7.dir/build
make[1]: se entra en el directorio '/home/fernandoms/RoboticaBuena/beta-robotica-class/chocachoca/CMakeFiles/CMakeTmp'
Building C object CMakeFiles/cmTC_908e7.dir/CheckFunctionExists.c.o
/usr/bin/cc   -DCHECK_FUNCTION_EXISTS=pthread_create   -o CMakeFiles/cmTC_908e7.dir/CheckFunctionExists.c.o   -c /usr/share/cmake-3.10/Modules/CheckFunctionExists.c
Linking C executable cmTC_908e7
/usr/bin/cmake -E cmake_link_script CMakeFiles/cmTC_908e7.dir/link.txt --verbose=1
/usr/bin/cc  -DCHECK_FUNCTION_EXISTS=pthread_create    -rdynamic CMakeFiles/cmTC_908e7.dir/CheckFunctionExists.c.o  -o cmTC_908e7 -lpthreads 
/usr/bin/ld: no se puede encontrar -lpthreads
collect2: error: ld returned 1 exit status
CMakeFiles/cmTC_908e7.dir/build.make:97: recipe for target 'cmTC_908e7' failed
make[1]: *** [cmTC_908e7] Error 1
make[1]: se sale del directorio '/home/fernandoms/RoboticaBuena/beta-robotica-class/chocachoca/CMakeFiles/CMakeTmp'
Makefile:126: recipe for target 'cmTC_908e7/fast' failed
make: *** [cmTC_908e7/fast] Error 2


Determining if the Q_WS_WIN exist failed with the following output:
Change Dir: /home/carlos/robocomp/E_5/CMakeFiles/CMakeTmp

Run Build Command:"/usr/bin/make" "cmTC_76423/fast"
/usr/bin/make -f CMakeFiles/cmTC_76423.dir/build.make CMakeFiles/cmTC_76423.dir/build
make[1]: se entra en el directorio '/home/carlos/robocomp/E_5/CMakeFiles/CMakeTmp'
Building CXX object CMakeFiles/cmTC_76423.dir/CheckSymbolExists.cxx.o
/usr/bin/c++   -I/usr/include/qt4   -o CMakeFiles/cmTC_76423.dir/CheckSymbolExists.cxx.o -c /home/carlos/robocomp/E_5/CMakeFiles/CMakeTmp/CheckSymbolExists.cxx
/home/carlos/robocomp/E_5/CMakeFiles/CMakeTmp/CheckSymbolExists.cxx: In function ‘int main(int, char**)’:
/home/carlos/robocomp/E_5/CMakeFiles/CMakeTmp/CheckSymbolExists.cxx:8:19: error: ‘Q_WS_WIN’ was not declared in this scope
   return ((int*)(&Q_WS_WIN))[argc];
                   ^~~~~~~~
/home/carlos/robocomp/E_5/CMakeFiles/CMakeTmp/CheckSymbolExists.cxx:8:19: note: suggested alternative: ‘Q_WS_X11’
   return ((int*)(&Q_WS_WIN))[argc];
                   ^~~~~~~~
                   Q_WS_X11
CMakeFiles/cmTC_76423.dir/build.make:65: recipe for target 'CMakeFiles/cmTC_76423.dir/CheckSymbolExists.cxx.o' failed
make[1]: *** [CMakeFiles/cmTC_76423.dir/CheckSymbolExists.cxx.o] Error 1
make[1]: se sale del directorio '/home/carlos/robocomp/E_5/CMakeFiles/CMakeTmp'
Makefile:126: recipe for target 'cmTC_76423/fast' failed
make: *** [cmTC_76423/fast] Error 2

File /home/carlos/robocomp/E_5/CMakeFiles/CMakeTmp/CheckSymbolExists.cxx:
/* */
#include <QtCore/qglobal.h>

int main(int argc, char** argv)
{
  (void)argv;
#ifndef Q_WS_WIN
  return ((int*)(&Q_WS_WIN))[argc];
#else
  (void)argc;
  return 0;
#endif
}

Determining if the Q_WS_QWS exist failed with the following output:
Change Dir: /home/carlos/robocomp/E_5/CMakeFiles/CMakeTmp

Run Build Command:"/usr/bin/make" "cmTC_dd6e8/fast"
/usr/bin/make -f CMakeFiles/cmTC_dd6e8.dir/build.make CMakeFiles/cmTC_dd6e8.dir/build
make[1]: se entra en el directorio '/home/carlos/robocomp/E_5/CMakeFiles/CMakeTmp'
Building CXX object CMakeFiles/cmTC_dd6e8.dir/CheckSymbolExists.cxx.o
/usr/bin/c++   -I/usr/include/qt4   -o CMakeFiles/cmTC_dd6e8.dir/CheckSymbolExists.cxx.o -c /home/carlos/robocomp/E_5/CMakeFiles/CMakeTmp/CheckSymbolExists.cxx
/home/carlos/robocomp/E_5/CMakeFiles/CMakeTmp/CheckSymbolExists.cxx: In function ‘int main(int, char**)’:
/home/carlos/robocomp/E_5/CMakeFiles/CMakeTmp/CheckSymbolExists.cxx:8:19: error: ‘Q_WS_QWS’ was not declared in this scope
   return ((int*)(&Q_WS_QWS))[argc];
                   ^~~~~~~~
/home/carlos/robocomp/E_5/CMakeFiles/CMakeTmp/CheckSymbolExists.cxx:8:19: note: suggested alternative: ‘Q_WS_X11’
   return ((int*)(&Q_WS_QWS))[argc];
                   ^~~~~~~~
                   Q_WS_X11
CMakeFiles/cmTC_dd6e8.dir/build.make:65: recipe for target 'CMakeFiles/cmTC_dd6e8.dir/CheckSymbolExists.cxx.o' failed
make[1]: *** [CMakeFiles/cmTC_dd6e8.dir/CheckSymbolExists.cxx.o] Error 1
make[1]: se sale del directorio '/home/carlos/robocomp/E_5/CMakeFiles/CMakeTmp'
Makefile:126: recipe for target 'cmTC_dd6e8/fast' failed
make: *** [cmTC_dd6e8/fast] Error 2

File /home/carlos/robocomp/E_5/CMakeFiles/CMakeTmp/CheckSymbolExists.cxx:
/* */
#include <QtCore/qglobal.h>

int main(int argc, char** argv)
{
  (void)argv;
#ifndef Q_WS_QWS
  return ((int*)(&Q_WS_QWS))[argc];
#else
  (void)argc;
  return 0;
#endif
}

Determining if the Q_WS_MAC exist failed with the following output:
Change Dir: /home/carlos/robocomp/E_5/CMakeFiles/CMakeTmp

Run Build Command:"/usr/bin/make" "cmTC_6fdd6/fast"
/usr/bin/make -f CMakeFiles/cmTC_6fdd6.dir/build.make CMakeFiles/cmTC_6fdd6.dir/build
make[1]: se entra en el directorio '/home/carlos/robocomp/E_5/CMakeFiles/CMakeTmp'
Building CXX object CMakeFiles/cmTC_6fdd6.dir/CheckSymbolExists.cxx.o
/usr/bin/c++   -I/usr/include/qt4   -o CMakeFiles/cmTC_6fdd6.dir/CheckSymbolExists.cxx.o -c /home/carlos/robocomp/E_5/CMakeFiles/CMakeTmp/CheckSymbolExists.cxx
/home/carlos/robocomp/E_5/CMakeFiles/CMakeTmp/CheckSymbolExists.cxx: In function ‘int main(int, char**)’:
/home/carlos/robocomp/E_5/CMakeFiles/CMakeTmp/CheckSymbolExists.cxx:8:19: error: ‘Q_WS_MAC’ was not declared in this scope
   return ((int*)(&Q_WS_MAC))[argc];
                   ^~~~~~~~
/home/carlos/robocomp/E_5/CMakeFiles/CMakeTmp/CheckSymbolExists.cxx:8:19: note: suggested alternative: ‘Q_WS_X11’
   return ((int*)(&Q_WS_MAC))[argc];
                   ^~~~~~~~
                   Q_WS_X11
CMakeFiles/cmTC_6fdd6.dir/build.make:65: recipe for target 'CMakeFiles/cmTC_6fdd6.dir/CheckSymbolExists.cxx.o' failed
make[1]: *** [CMakeFiles/cmTC_6fdd6.dir/CheckSymbolExists.cxx.o] Error 1
make[1]: se sale del directorio '/home/carlos/robocomp/E_5/CMakeFiles/CMakeTmp'
Makefile:126: recipe for target 'cmTC_6fdd6/fast' failed
make: *** [cmTC_6fdd6/fast] Error 2

File /home/carlos/robocomp/E_5/CMakeFiles/CMakeTmp/CheckSymbolExists.cxx:
/* */
#include <QtCore/qglobal.h>

int main(int argc, char** argv)
{
  (void)argv;
#ifndef Q_WS_MAC
  return ((int*)(&Q_WS_MAC))[argc];
#else
  (void)argc;
  return 0;
#endif
}

Determining if the pthread_create exist failed with the following output:
Change Dir: /home/carlos/robocomp/E_5/CMakeFiles/CMakeTmp

Run Build Command:"/usr/bin/make" "cmTC_984d5/fast"
/usr/bin/make -f CMakeFiles/cmTC_984d5.dir/build.make CMakeFiles/cmTC_984d5.dir/build
make[1]: se entra en el directorio '/home/carlos/robocomp/E_5/CMakeFiles/CMakeTmp'
Building C object CMakeFiles/cmTC_984d5.dir/CheckSymbolExists.c.o
/usr/bin/cc    -o CMakeFiles/cmTC_984d5.dir/CheckSymbolExists.c.o   -c /home/carlos/robocomp/E_5/CMakeFiles/CMakeTmp/CheckSymbolExists.c
Linking C executable cmTC_984d5
/usr/bin/cmake -E cmake_link_script CMakeFiles/cmTC_984d5.dir/link.txt --verbose=1
/usr/bin/cc      -rdynamic CMakeFiles/cmTC_984d5.dir/CheckSymbolExists.c.o  -o cmTC_984d5 
CMakeFiles/cmTC_984d5.dir/CheckSymbolExists.c.o: En la función `main':
CheckSymbolExists.c:(.text+0x1b): referencia a `pthread_create' sin definir
collect2: error: ld returned 1 exit status
CMakeFiles/cmTC_984d5.dir/build.make:97: recipe for target 'cmTC_984d5' failed
make[1]: *** [cmTC_984d5] Error 1
make[1]: se sale del directorio '/home/carlos/robocomp/E_5/CMakeFiles/CMakeTmp'
Makefile:126: recipe for target 'cmTC_984d5/fast' failed
make: *** [cmTC_984d5/fast] Error 2

File /home/carlos/robocomp/E_5/CMakeFiles/CMakeTmp/CheckSymbolExists.c:
/* */
#include <pthread.h>

int main(int argc, char** argv)
{
  (void)argv;
#ifndef pthread_create
  return ((int*)(&pthread_create))[argc];
#else
  (void)argc;
  return 0;
#endif
}

Determining if the function pthread_create exists in the pthreads failed with the following output:
Change Dir: /home/carlos/robocomp/E_5/CMakeFiles/CMakeTmp

Run Build Command:"/usr/bin/make" "cmTC_6d07e/fast"
/usr/bin/make -f CMakeFiles/cmTC_6d07e.dir/build.make CMakeFiles/cmTC_6d07e.dir/build
make[1]: se entra en el directorio '/home/carlos/robocomp/E_5/CMakeFiles/CMakeTmp'
Building C object CMakeFiles/cmTC_6d07e.dir/CheckFunctionExists.c.o
/usr/bin/cc   -DCHECK_FUNCTION_EXISTS=pthread_create   -o CMakeFiles/cmTC_6d07e.dir/CheckFunctionExists.c.o   -c /usr/share/cmake-3.10/Modules/CheckFunctionExists.c
Linking C executable cmTC_6d07e
/usr/bin/cmake -E cmake_link_script CMakeFiles/cmTC_6d07e.dir/link.txt --verbose=1
/usr/bin/cc  -DCHECK_FUNCTION_EXISTS=pthread_create    -rdynamic CMakeFiles/cmTC_6d07e.dir/CheckFunctionExists.c.o  -o cmTC_6d07e -lpthreads 
/usr/bin/ld: no se puede encontrar -lpthreads
collect2: error: ld returned 1 exit status
CMakeFiles/cmTC_6d07e.dir/build.make:97: recipe for target 'cmTC_6d07e' failed
make[1]: *** [cmTC_6d07e] Error 1
make[1]: se sale del directorio '/home/carlos/robocomp/E_5/CMakeFiles/CMakeTmp'
Makefile:126: recipe for target 'cmTC_6d07e/fast' failed
make: *** [cmTC_6d07e/fast] Error 2


Determining if the Q_WS_WIN exist failed with the following output:
Change Dir: /home/carlos/robocomp/E_6/chocachoca/CMakeFiles/CMakeTmp

Run Build Command:"/usr/bin/make" "cmTC_44f40/fast"
/usr/bin/make -f CMakeFiles/cmTC_44f40.dir/build.make CMakeFiles/cmTC_44f40.dir/build
make[1]: se entra en el directorio '/home/carlos/robocomp/E_6/chocachoca/CMakeFiles/CMakeTmp'
Building CXX object CMakeFiles/cmTC_44f40.dir/CheckSymbolExists.cxx.o
/usr/bin/c++   -I/usr/include/qt4   -o CMakeFiles/cmTC_44f40.dir/CheckSymbolExists.cxx.o -c /home/carlos/robocomp/E_6/chocachoca/CMakeFiles/CMakeTmp/CheckSymbolExists.cxx
/home/carlos/robocomp/E_6/chocachoca/CMakeFiles/CMakeTmp/CheckSymbolExists.cxx: In function ‘int main(int, char**)’:
/home/carlos/robocomp/E_6/chocachoca/CMakeFiles/CMakeTmp/CheckSymbolExists.cxx:8:19: error: ‘Q_WS_WIN’ was not declared in this scope
   return ((int*)(&Q_WS_WIN))[argc];
                   ^~~~~~~~
/home/carlos/robocomp/E_6/chocachoca/CMakeFiles/CMakeTmp/CheckSymbolExists.cxx:8:19: note: suggested alternative: ‘Q_WS_X11’
   return ((int*)(&Q_WS_WIN))[argc];
                   ^~~~~~~~
                   Q_WS_X11
CMakeFiles/cmTC_44f40.dir/build.make:65: recipe for target 'CMakeFiles/cmTC_44f40.dir/CheckSymbolExists.cxx.o' failed
make[1]: *** [CMakeFiles/cmTC_44f40.dir/CheckSymbolExists.cxx.o] Error 1
make[1]: se sale del directorio '/home/carlos/robocomp/E_6/chocachoca/CMakeFiles/CMakeTmp'
Makefile:126: recipe for target 'cmTC_44f40/fast' failed
make: *** [cmTC_44f40/fast] Error 2

File /home/carlos/robocomp/E_6/chocachoca/CMakeFiles/CMakeTmp/CheckSymbolExists.cxx:
/* */
#include <QtCore/qglobal.h>

int main(int argc, char** argv)
{
  (void)argv;
#ifndef Q_WS_WIN
  return ((int*)(&Q_WS_WIN))[argc];
#else
  (void)argc;
  return 0;
#endif
}

Determining if the Q_WS_QWS exist failed with the following output:
Change Dir: /home/carlos/robocomp/E_6/chocachoca/CMakeFiles/CMakeTmp

Run Build Command:"/usr/bin/make" "cmTC_6a7de/fast"
/usr/bin/make -f CMakeFiles/cmTC_6a7de.dir/build.make CMakeFiles/cmTC_6a7de.dir/build
make[1]: se entra en el directorio '/home/carlos/robocomp/E_6/chocachoca/CMakeFiles/CMakeTmp'
Building CXX object CMakeFiles/cmTC_6a7de.dir/CheckSymbolExists.cxx.o
/usr/bin/c++   -I/usr/include/qt4   -o CMakeFiles/cmTC_6a7de.dir/CheckSymbolExists.cxx.o -c /home/carlos/robocomp/E_6/chocachoca/CMakeFiles/CMakeTmp/CheckSymbolExists.cxx
/home/carlos/robocomp/E_6/chocachoca/CMakeFiles/CMakeTmp/CheckSymbolExists.cxx: In function ‘int main(int, char**)’:
/home/carlos/robocomp/E_6/chocachoca/CMakeFiles/CMakeTmp/CheckSymbolExists.cxx:8:19: error: ‘Q_WS_QWS’ was not declared in this scope
   return ((int*)(&Q_WS_QWS))[argc];
                   ^~~~~~~~
/home/carlos/robocomp/E_6/chocachoca/CMakeFiles/CMakeTmp/CheckSymbolExists.cxx:8:19: note: suggested alternative: ‘Q_WS_X11’
   return ((int*)(&Q_WS_QWS))[argc];
                   ^~~~~~~~
                   Q_WS_X11
CMakeFiles/cmTC_6a7de.dir/build.make:65: recipe for target 'CMakeFiles/cmTC_6a7de.dir/CheckSymbolExists.cxx.o' failed
make[1]: *** [CMakeFiles/cmTC_6a7de.dir/CheckSymbolExists.cxx.o] Error 1
make[1]: se sale del directorio '/home/carlos/robocomp/E_6/chocachoca/CMakeFiles/CMakeTmp'
Makefile:126: recipe for target 'cmTC_6a7de/fast' failed
make: *** [cmTC_6a7de/fast] Error 2

File /home/carlos/robocomp/E_6/chocachoca/CMakeFiles/CMakeTmp/CheckSymbolExists.cxx:
/* */
#include <QtCore/qglobal.h>

int main(int argc, char** argv)
{
  (void)argv;
#ifndef Q_WS_QWS
  return ((int*)(&Q_WS_QWS))[argc];
#else
  (void)argc;
  return 0;
#endif
}

Determining if the Q_WS_MAC exist failed with the following output:
Change Dir: /home/carlos/robocomp/E_6/chocachoca/CMakeFiles/CMakeTmp

Run Build Command:"/usr/bin/make" "cmTC_448ec/fast"
/usr/bin/make -f CMakeFiles/cmTC_448ec.dir/build.make CMakeFiles/cmTC_448ec.dir/build
make[1]: se entra en el directorio '/home/carlos/robocomp/E_6/chocachoca/CMakeFiles/CMakeTmp'
Building CXX object CMakeFiles/cmTC_448ec.dir/CheckSymbolExists.cxx.o
/usr/bin/c++   -I/usr/include/qt4   -o CMakeFiles/cmTC_448ec.dir/CheckSymbolExists.cxx.o -c /home/carlos/robocomp/E_6/chocachoca/CMakeFiles/CMakeTmp/CheckSymbolExists.cxx
/home/carlos/robocomp/E_6/chocachoca/CMakeFiles/CMakeTmp/CheckSymbolExists.cxx: In function ‘int main(int, char**)’:
/home/carlos/robocomp/E_6/chocachoca/CMakeFiles/CMakeTmp/CheckSymbolExists.cxx:8:19: error: ‘Q_WS_MAC’ was not declared in this scope
   return ((int*)(&Q_WS_MAC))[argc];
                   ^~~~~~~~
/home/carlos/robocomp/E_6/chocachoca/CMakeFiles/CMakeTmp/CheckSymbolExists.cxx:8:19: note: suggested alternative: ‘Q_WS_X11’
   return ((int*)(&Q_WS_MAC))[argc];
                   ^~~~~~~~
                   Q_WS_X11
CMakeFiles/cmTC_448ec.dir/build.make:65: recipe for target 'CMakeFiles/cmTC_448ec.dir/CheckSymbolExists.cxx.o' failed
make[1]: *** [CMakeFiles/cmTC_448ec.dir/CheckSymbolExists.cxx.o] Error 1
make[1]: se sale del directorio '/home/carlos/robocomp/E_6/chocachoca/CMakeFiles/CMakeTmp'
Makefile:126: recipe for target 'cmTC_448ec/fast' failed
make: *** [cmTC_448ec/fast] Error 2

File /home/carlos/robocomp/E_6/chocachoca/CMakeFiles/CMakeTmp/CheckSymbolExists.cxx:
/* */
#include <QtCore/qglobal.h>

int main(int argc, char** argv)
{
  (void)argv;
#ifndef Q_WS_MAC
  return ((int*)(&Q_WS_MAC))[argc];
#else
  (void)argc;
  return 0;
#endif
}

Determining if the pthread_create exist failed with the following output:
Change Dir: /home/carlos/robocomp/E_6/chocachoca/CMakeFiles/CMakeTmp

Run Build Command:"/usr/bin/make" "cmTC_242da/fast"
/usr/bin/make -f CMakeFiles/cmTC_242da.dir/build.make CMakeFiles/cmTC_242da.dir/build
make[1]: se entra en el directorio '/home/carlos/robocomp/E_6/chocachoca/CMakeFiles/CMakeTmp'
Building C object CMakeFiles/cmTC_242da.dir/CheckSymbolExists.c.o
/usr/bin/cc    -o CMakeFiles/cmTC_242da.dir/CheckSymbolExists.c.o   -c /home/carlos/robocomp/E_6/chocachoca/CMakeFiles/CMakeTmp/CheckSymbolExists.c
Linking C executable cmTC_242da
/usr/bin/cmake -E cmake_link_script CMakeFiles/cmTC_242da.dir/link.txt --verbose=1
/usr/bin/cc      -rdynamic CMakeFiles/cmTC_242da.dir/CheckSymbolExists.c.o  -o cmTC_242da 
CMakeFiles/cmTC_242da.dir/CheckSymbolExists.c.o: En la función `main':
CheckSymbolExists.c:(.text+0x1b): referencia a `pthread_create' sin definir
collect2: error: ld returned 1 exit status
CMakeFiles/cmTC_242da.dir/build.make:97: recipe for target 'cmTC_242da' failed
make[1]: *** [cmTC_242da] Error 1
make[1]: se sale del directorio '/home/carlos/robocomp/E_6/chocachoca/CMakeFiles/CMakeTmp'
Makefile:126: recipe for target 'cmTC_242da/fast' failed
make: *** [cmTC_242da/fast] Error 2

File /home/carlos/robocomp/E_6/chocachoca/CMakeFiles/CMakeTmp/CheckSymbolExists.c:
/* */
#include <pthread.h>

int main(int argc, char** argv)
{
  (void)argv;
#ifndef pthread_create
  return ((int*)(&pthread_create))[argc];
#else
  (void)argc;
  return 0;
#endif
}

Determining if the function pthread_create exists in the pthreads failed with the following output:
Change Dir: /home/carlos/robocomp/E_6/chocachoca/CMakeFiles/CMakeTmp

Run Build Command:"/usr/bin/make" "cmTC_90dac/fast"
/usr/bin/make -f CMakeFiles/cmTC_90dac.dir/build.make CMakeFiles/cmTC_90dac.dir/build
make[1]: se entra en el directorio '/home/carlos/robocomp/E_6/chocachoca/CMakeFiles/CMakeTmp'
Building C object CMakeFiles/cmTC_90dac.dir/CheckFunctionExists.c.o
/usr/bin/cc   -DCHECK_FUNCTION_EXISTS=pthread_create   -o CMakeFiles/cmTC_90dac.dir/CheckFunctionExists.c.o   -c /usr/share/cmake-3.10/Modules/CheckFunctionExists.c
Linking C executable cmTC_90dac
/usr/bin/cmake -E cmake_link_script CMakeFiles/cmTC_90dac.dir/link.txt --verbose=1
/usr/bin/cc  -DCHECK_FUNCTION_EXISTS=pthread_create    -rdynamic CMakeFiles/cmTC_90dac.dir/CheckFunctionExists.c.o  -o cmTC_90dac -lpthreads 
/usr/bin/ld: no se puede encontrar -lpthreads
collect2: error: ld returned 1 exit status
CMakeFiles/cmTC_90dac.dir/build.make:97: recipe for target 'cmTC_90dac' failed
make[1]: *** [cmTC_90dac] Error 1
make[1]: se sale del directorio '/home/carlos/robocomp/E_6/chocachoca/CMakeFiles/CMakeTmp'
Makefile:126: recipe for target 'cmTC_90dac/fast' failed
make: *** [cmTC_90dac/fast] Error 2


