Determining if the Q_WS_WIN exist failed with the following output:
Change Dir: /home/carlos/robocomp/mycomponent/src/CMakeFiles/CMakeTmp

Run Build Command:"/usr/bin/make" "cmTC_8ed82/fast"
/usr/bin/make -f CMakeFiles/cmTC_8ed82.dir/build.make CMakeFiles/cmTC_8ed82.dir/build
make[1]: se entra en el directorio '/home/carlos/robocomp/mycomponent/src/CMakeFiles/CMakeTmp'
Building CXX object CMakeFiles/cmTC_8ed82.dir/CheckSymbolExists.cxx.o
/usr/bin/c++   -I/usr/include/qt4   -o CMakeFiles/cmTC_8ed82.dir/CheckSymbolExists.cxx.o -c /home/carlos/robocomp/mycomponent/src/CMakeFiles/CMakeTmp/CheckSymbolExists.cxx
/home/carlos/robocomp/mycomponent/src/CMakeFiles/CMakeTmp/CheckSymbolExists.cxx: In function ‘int main(int, char**)’:
/home/carlos/robocomp/mycomponent/src/CMakeFiles/CMakeTmp/CheckSymbolExists.cxx:8:19: error: ‘Q_WS_WIN’ was not declared in this scope
   return ((int*)(&Q_WS_WIN))[argc];
                   ^~~~~~~~
/home/carlos/robocomp/mycomponent/src/CMakeFiles/CMakeTmp/CheckSymbolExists.cxx:8:19: note: suggested alternative: ‘Q_WS_X11’
   return ((int*)(&Q_WS_WIN))[argc];
                   ^~~~~~~~
                   Q_WS_X11
CMakeFiles/cmTC_8ed82.dir/build.make:65: recipe for target 'CMakeFiles/cmTC_8ed82.dir/CheckSymbolExists.cxx.o' failed
make[1]: *** [CMakeFiles/cmTC_8ed82.dir/CheckSymbolExists.cxx.o] Error 1
make[1]: se sale del directorio '/home/carlos/robocomp/mycomponent/src/CMakeFiles/CMakeTmp'
Makefile:126: recipe for target 'cmTC_8ed82/fast' failed
make: *** [cmTC_8ed82/fast] Error 2

File /home/carlos/robocomp/mycomponent/src/CMakeFiles/CMakeTmp/CheckSymbolExists.cxx:
/* */
#include <QtCore/qglobal.h>

int main(int argc, char** argv)
{
  (void)argv;
#ifndef Q_WS_WIN
  return ((int*)(&Q_WS_WIN))[argc];
#else
  (void)argc;
  return 0;
#endif
}

Determining if the Q_WS_QWS exist failed with the following output:
Change Dir: /home/carlos/robocomp/mycomponent/src/CMakeFiles/CMakeTmp

Run Build Command:"/usr/bin/make" "cmTC_c3aff/fast"
/usr/bin/make -f CMakeFiles/cmTC_c3aff.dir/build.make CMakeFiles/cmTC_c3aff.dir/build
make[1]: se entra en el directorio '/home/carlos/robocomp/mycomponent/src/CMakeFiles/CMakeTmp'
Building CXX object CMakeFiles/cmTC_c3aff.dir/CheckSymbolExists.cxx.o
/usr/bin/c++   -I/usr/include/qt4   -o CMakeFiles/cmTC_c3aff.dir/CheckSymbolExists.cxx.o -c /home/carlos/robocomp/mycomponent/src/CMakeFiles/CMakeTmp/CheckSymbolExists.cxx
/home/carlos/robocomp/mycomponent/src/CMakeFiles/CMakeTmp/CheckSymbolExists.cxx: In function ‘int main(int, char**)’:
/home/carlos/robocomp/mycomponent/src/CMakeFiles/CMakeTmp/CheckSymbolExists.cxx:8:19: error: ‘Q_WS_QWS’ was not declared in this scope
   return ((int*)(&Q_WS_QWS))[argc];
                   ^~~~~~~~
/home/carlos/robocomp/mycomponent/src/CMakeFiles/CMakeTmp/CheckSymbolExists.cxx:8:19: note: suggested alternative: ‘Q_WS_X11’
   return ((int*)(&Q_WS_QWS))[argc];
                   ^~~~~~~~
                   Q_WS_X11
CMakeFiles/cmTC_c3aff.dir/build.make:65: recipe for target 'CMakeFiles/cmTC_c3aff.dir/CheckSymbolExists.cxx.o' failed
make[1]: *** [CMakeFiles/cmTC_c3aff.dir/CheckSymbolExists.cxx.o] Error 1
make[1]: se sale del directorio '/home/carlos/robocomp/mycomponent/src/CMakeFiles/CMakeTmp'
Makefile:126: recipe for target 'cmTC_c3aff/fast' failed
make: *** [cmTC_c3aff/fast] Error 2

File /home/carlos/robocomp/mycomponent/src/CMakeFiles/CMakeTmp/CheckSymbolExists.cxx:
/* */
#include <QtCore/qglobal.h>

int main(int argc, char** argv)
{
  (void)argv;
#ifndef Q_WS_QWS
  return ((int*)(&Q_WS_QWS))[argc];
#else
  (void)argc;
  return 0;
#endif
}

Determining if the Q_WS_MAC exist failed with the following output:
Change Dir: /home/carlos/robocomp/mycomponent/src/CMakeFiles/CMakeTmp

Run Build Command:"/usr/bin/make" "cmTC_577a9/fast"
/usr/bin/make -f CMakeFiles/cmTC_577a9.dir/build.make CMakeFiles/cmTC_577a9.dir/build
make[1]: se entra en el directorio '/home/carlos/robocomp/mycomponent/src/CMakeFiles/CMakeTmp'
Building CXX object CMakeFiles/cmTC_577a9.dir/CheckSymbolExists.cxx.o
/usr/bin/c++   -I/usr/include/qt4   -o CMakeFiles/cmTC_577a9.dir/CheckSymbolExists.cxx.o -c /home/carlos/robocomp/mycomponent/src/CMakeFiles/CMakeTmp/CheckSymbolExists.cxx
/home/carlos/robocomp/mycomponent/src/CMakeFiles/CMakeTmp/CheckSymbolExists.cxx: In function ‘int main(int, char**)’:
/home/carlos/robocomp/mycomponent/src/CMakeFiles/CMakeTmp/CheckSymbolExists.cxx:8:19: error: ‘Q_WS_MAC’ was not declared in this scope
   return ((int*)(&Q_WS_MAC))[argc];
                   ^~~~~~~~
/home/carlos/robocomp/mycomponent/src/CMakeFiles/CMakeTmp/CheckSymbolExists.cxx:8:19: note: suggested alternative: ‘Q_WS_X11’
   return ((int*)(&Q_WS_MAC))[argc];
                   ^~~~~~~~
                   Q_WS_X11
CMakeFiles/cmTC_577a9.dir/build.make:65: recipe for target 'CMakeFiles/cmTC_577a9.dir/CheckSymbolExists.cxx.o' failed
make[1]: *** [CMakeFiles/cmTC_577a9.dir/CheckSymbolExists.cxx.o] Error 1
make[1]: se sale del directorio '/home/carlos/robocomp/mycomponent/src/CMakeFiles/CMakeTmp'
Makefile:126: recipe for target 'cmTC_577a9/fast' failed
make: *** [cmTC_577a9/fast] Error 2

File /home/carlos/robocomp/mycomponent/src/CMakeFiles/CMakeTmp/CheckSymbolExists.cxx:
/* */
#include <QtCore/qglobal.h>

int main(int argc, char** argv)
{
  (void)argv;
#ifndef Q_WS_MAC
  return ((int*)(&Q_WS_MAC))[argc];
#else
  (void)argc;
  return 0;
#endif
}

Determining if the pthread_create exist failed with the following output:
Change Dir: /home/carlos/robocomp/mycomponent/src/CMakeFiles/CMakeTmp

Run Build Command:"/usr/bin/make" "cmTC_8cf76/fast"
/usr/bin/make -f CMakeFiles/cmTC_8cf76.dir/build.make CMakeFiles/cmTC_8cf76.dir/build
make[1]: se entra en el directorio '/home/carlos/robocomp/mycomponent/src/CMakeFiles/CMakeTmp'
Building C object CMakeFiles/cmTC_8cf76.dir/CheckSymbolExists.c.o
/usr/bin/cc    -o CMakeFiles/cmTC_8cf76.dir/CheckSymbolExists.c.o   -c /home/carlos/robocomp/mycomponent/src/CMakeFiles/CMakeTmp/CheckSymbolExists.c
Linking C executable cmTC_8cf76
/usr/bin/cmake -E cmake_link_script CMakeFiles/cmTC_8cf76.dir/link.txt --verbose=1
/usr/bin/cc      -rdynamic CMakeFiles/cmTC_8cf76.dir/CheckSymbolExists.c.o  -o cmTC_8cf76 
CMakeFiles/cmTC_8cf76.dir/CheckSymbolExists.c.o: En la función `main':
CheckSymbolExists.c:(.text+0x1b): referencia a `pthread_create' sin definir
collect2: error: ld returned 1 exit status
CMakeFiles/cmTC_8cf76.dir/build.make:97: recipe for target 'cmTC_8cf76' failed
make[1]: *** [cmTC_8cf76] Error 1
make[1]: se sale del directorio '/home/carlos/robocomp/mycomponent/src/CMakeFiles/CMakeTmp'
Makefile:126: recipe for target 'cmTC_8cf76/fast' failed
make: *** [cmTC_8cf76/fast] Error 2

File /home/carlos/robocomp/mycomponent/src/CMakeFiles/CMakeTmp/CheckSymbolExists.c:
/* */
#include <pthread.h>

int main(int argc, char** argv)
{
  (void)argv;
#ifndef pthread_create
  return ((int*)(&pthread_create))[argc];
#else
  (void)argc;
  return 0;
#endif
}

Determining if the function pthread_create exists in the pthreads failed with the following output:
Change Dir: /home/carlos/robocomp/mycomponent/src/CMakeFiles/CMakeTmp

Run Build Command:"/usr/bin/make" "cmTC_189d1/fast"
/usr/bin/make -f CMakeFiles/cmTC_189d1.dir/build.make CMakeFiles/cmTC_189d1.dir/build
make[1]: se entra en el directorio '/home/carlos/robocomp/mycomponent/src/CMakeFiles/CMakeTmp'
Building C object CMakeFiles/cmTC_189d1.dir/CheckFunctionExists.c.o
/usr/bin/cc   -DCHECK_FUNCTION_EXISTS=pthread_create   -o CMakeFiles/cmTC_189d1.dir/CheckFunctionExists.c.o   -c /usr/share/cmake-3.10/Modules/CheckFunctionExists.c
Linking C executable cmTC_189d1
/usr/bin/cmake -E cmake_link_script CMakeFiles/cmTC_189d1.dir/link.txt --verbose=1
/usr/bin/cc  -DCHECK_FUNCTION_EXISTS=pthread_create    -rdynamic CMakeFiles/cmTC_189d1.dir/CheckFunctionExists.c.o  -o cmTC_189d1 -lpthreads 
/usr/bin/ld: no se puede encontrar -lpthreads
collect2: error: ld returned 1 exit status
CMakeFiles/cmTC_189d1.dir/build.make:97: recipe for target 'cmTC_189d1' failed
make[1]: *** [cmTC_189d1] Error 1
make[1]: se sale del directorio '/home/carlos/robocomp/mycomponent/src/CMakeFiles/CMakeTmp'
Makefile:126: recipe for target 'cmTC_189d1/fast' failed
make: *** [cmTC_189d1/fast] Error 2


